<?xml version="1.0" encoding="UTF-8"?>
<testng-results ignored="0" total="1" passed="1" failed="0" skipped="0">
  <reporter-output>
  </reporter-output>
  <suite started-at="2024-03-22T11:27:00 IST" name="Default suite" finished-at="2024-03-22T11:28:14 IST" duration-ms="73248">
    <groups>
    </groups>
    <test started-at="2024-03-22T11:27:00 IST" name="Default test" finished-at="2024-03-22T11:28:14 IST" duration-ms="73248">
      <class name="selenium.Test.VerifyAddressTest">
        <test-method is-config="true" signature="launchApplication()[pri:0, instance:selenium.Test.VerifyAddressTest@2d901eb0]" started-at="2024-03-22T11:27:01 IST" name="launchApplication" finished-at="2024-03-22T11:27:44 IST" duration-ms="42936" status="PASS">
          <reporter-output>
          </reporter-output>
        </test-method> <!-- launchApplication -->
        <test-method signature="address(java.util.HashMap)[pri:0, instance:selenium.Test.VerifyAddressTest@2d901eb0]" started-at="2024-03-22T11:27:44 IST" name="address" data-provider="getData" finished-at="2024-03-22T11:28:13 IST" duration-ms="29535" status="PASS">
          <params>
            <param index="0">
              <value>
                <![CDATA[{add=Nagapalyam, userCity=Punganur, lName=shaik, cvv=123, code=517247, Message=Gained experience through this website.Thankyou., cardName=alasana, inValidEmail=sana11@gmail.com, inValidPassword=Sana@456, userName=Sana, Subject=Great website, expMonth=05, password=Sana@321, fName=Sana, userState=AndhraPradesh, expYear=2040, validEmail=alasana@gmail.com, validPassword=Sana@123, userEmail=alasana25@gmail.com, userNumber=0987654321, cardNumber=1234567890123456}]]>
              </value>
            </param>
          </params>
          <reporter-output>
          </reporter-output>
        </test-method> <!-- address -->
        <test-method is-config="true" signature="close()[pri:0, instance:selenium.Test.VerifyAddressTest@2d901eb0]" started-at="2024-03-22T11:28:13 IST" name="close" finished-at="2024-03-22T11:28:14 IST" duration-ms="315" status="PASS">
          <reporter-output>
          </reporter-output>
        </test-method> <!-- close -->
      </class> <!-- selenium.Test.VerifyAddressTest -->
    </test> <!-- Default test -->
  </suite> <!-- Default suite -->
</testng-results>
